Using pre-set license
Built from '2020.3/release' branch; Version is '2020.3.2f1 (8fd9074bf66c) revision 9427207'; Using compiler version '192528614'; Build Type 'Release'
OS: 'Windows 10 Pro; OS build 19042.870; Version 2009; 64bit' Language: 'ru' Physical Memory: 8137 MB
BatchMode: 1, IsHumanControllingUs: 0, StartBugReporterOnCrash: 0, Is64bit: 1, IsPro: 0

 COMMAND LINE ARGUMENTS:
C:\Program Files\Unity\Hub\Editor\2020.3.2f1\Editor\Unity.exe
-adb2
-batchMode
-noUpm
-name
AssetImportWorker0
-projectPath
C:/Users/Rarmash/Cars
-logFile
Logs/AssetImportWorker0.log
-srvPort
60932
Successfully changed project path to: C:/Users/Rarmash/Cars
C:/Users/Rarmash/Cars
Using Asset Import Pipeline V2.
Refreshing native plugins compatible for Editor in 60.67 ms, found 1 plugins.
Preloading 0 native plugins for Editor in 0.00 ms.
Initialize engine version: 2020.3.2f1 (8fd9074bf66c)
[Subsystems] Discovering subsystems at path C:/Program Files/Unity/Hub/Editor/2020.3.2f1/Editor/Data/Resources/UnitySubsystems
[Subsystems] Discovering subsystems at path C:/Users/Rarmash/Cars/Assets
GfxDevice: creating device client; threaded=0
Direct3D:
    Version:  Direct3D 11.0 [level 11.1]
    Renderer: Radeon RX 580 Series (ID=0x67df)
    Vendor:   
    VRAM:     8171 MB
    Driver:   27.20.15003.5017
Initialize mono
Mono path[0] = 'C:/Program Files/Unity/Hub/Editor/2020.3.2f1/Editor/Data/Managed'
Mono path[1] = 'C:/Program Files/Unity/Hub/Editor/2020.3.2f1/Editor/Data/MonoBleedingEdge/lib/mono/unityjit'
Mono config path = 'C:/Program Files/Unity/Hub/Editor/2020.3.2f1/Editor/Data/MonoBleedingEdge/etc'
Using monoOptions --debugger-agent=transport=dt_socket,embedding=1,server=y,suspend=n,address=127.0.0.1:56772
Begin MonoManager ReloadAssembly
Registering precompiled unity dll's ...
Register platform support module: C:/Program Files/Unity/Hub/Editor/2020.3.2f1/Editor/Data/PlaybackEngines/WindowsStandaloneSupport/UnityEditor.WindowsStandalone.Extensions.dll
Registered in 0.003432 seconds.
Native extension for WindowsStandalone target not found
Refreshing native plugins compatible for Editor in 61.47 ms, found 1 plugins.
Preloading 0 native plugins for Editor in 0.00 ms.
Invoked RoslynAnalysisRunner static constructor.
RoslynAnalysisRunner will not be running.
RoslynAnalysisRunner has terminated.
Mono: successfully reloaded assembly
- Completed reload, in  3.704 seconds
Platform modules already initialized, skipping
Registering precompiled user dll's ...
Registered in 0.001311 seconds.
Begin MonoManager ReloadAssembly
Native extension for WindowsStandalone target not found
Refreshing native plugins compatible for Editor in 52.23 ms, found 1 plugins.
Preloading 0 native plugins for Editor in 0.00 ms.
Invoked RoslynAnalysisRunner static constructor.
RoslynAnalysisRunner will not be running.
RoslynAnalysisRunner has terminated.
Mono: successfully reloaded assembly
- Completed reload, in  1.538 seconds
Platform modules already initialized, skipping
========================================================================
Worker process is ready to serve import requests
Launched and connected shader compiler UnityShaderCompiler.exe after 0.09 seconds
Refreshing native plugins compatible for Editor in 0.36 ms, found 1 plugins.
Preloading 0 native plugins for Editor in 0.00 ms.
Unloading 1820 Unused Serialized files (Serialized files now loaded: 0)
System memory in use before: 85.3 MB.
System memory in use after: 85.3 MB.

Unloading 24 unused Assets to reduce memory usage. Loaded Objects now: 2263.
Total: 8.178300 ms (FindLiveObjects: 0.324100 ms CreateObjectMapping: 0.155900 ms MarkObjects: 7.527500 ms  DeleteObjects: 0.168400 ms)

========================================================================
Received Import Request.
  path: Assets/Simple Vehicle Pack/Textures/Mobile/cars_2_diffuse.tif
  artifactKey: Guid(41d0c53e915d46e49aaae294fe16d245) Importer(815301076,1909f56bfc062723c751e8b465ee728b)
Start importing Assets/Simple Vehicle Pack/Textures/Mobile/cars_2_diffuse.tif using Guid(41d0c53e915d46e49aaae294fe16d245) Importer(815301076,1909f56bfc062723c751e8b465ee728b)  -> (artifact id: 'df3ddd3955aacaa8ed31bded071f6dd2') in 0.182685 seconds
  Import took 0.187439 seconds .

========================================================================
Received Import Request.
  Time since last request: 0.000266 seconds.
  path: Assets/Simple Vehicle Pack/Textures/Mobile/bus_2_diffuse.tif
  artifactKey: Guid(7d7f8880f115b9841ba7617ceec2604e) Importer(815301076,1909f56bfc062723c751e8b465ee728b)
Start importing Assets/Simple Vehicle Pack/Textures/Mobile/bus_2_diffuse.tif using Guid(7d7f8880f115b9841ba7617ceec2604e) Importer(815301076,1909f56bfc062723c751e8b465ee728b)  -> (artifact id: 'a11afe6691c299ef3ef085d97c6bae33') in 0.023965 seconds
  Import took 0.028438 seconds .

========================================================================
Received Import Request.
  Time since last request: 0.000479 seconds.
  path: Assets/Simple Vehicle Pack/Textures/Mobile/bus_diffuse.tif
  artifactKey: Guid(4cb0ad4beb219f047ab423d11568d45b) Importer(815301076,1909f56bfc062723c751e8b465ee728b)
Start importing Assets/Simple Vehicle Pack/Textures/Mobile/bus_diffuse.tif using Guid(4cb0ad4beb219f047ab423d11568d45b) Importer(815301076,1909f56bfc062723c751e8b465ee728b)  -> (artifact id: '2b36fd4c2401d7692a212d6c3671c21c') in 0.032270 seconds
  Import took 0.036684 seconds .

========================================================================
Received Import Request.
  Time since last request: 287.980119 seconds.
  path: Assets/Textures/logo.png
  artifactKey: Guid(95b386656b456ca4c939fab0c8a3cfd7) Importer(815301076,1909f56bfc062723c751e8b465ee728b)
Start importing Assets/Textures/logo.png using Guid(95b386656b456ca4c939fab0c8a3cfd7) Importer(815301076,1909f56bfc062723c751e8b465ee728b)  -> (artifact id: 'a680c8af5c8b03e315d5d226e8786100') in 0.074829 seconds
  Import took 0.081711 seconds .

========================================================================
Received Import Request.
  Time since last request: 69.214491 seconds.
  path: Assets/Scenes/Game.unity
  artifactKey: Guid(2cda990e2423bbf4892e6590ba056729) Importer(815301076,1909f56bfc062723c751e8b465ee728b)
Start importing Assets/Scenes/Game.unity using Guid(2cda990e2423bbf4892e6590ba056729) Importer(815301076,1909f56bfc062723c751e8b465ee728b)  -> (artifact id: '37d5f83fc682e78b46888b723697be87') in 0.006234 seconds
  Import took 0.012679 seconds .

========================================================================
Received Import Request.
  Time since last request: 1.094205 seconds.
  path: Assets/Scenes/Menu.unity
  artifactKey: Guid(bd7cc03edc814e347a5ff13d8f8a4a87) Importer(815301076,1909f56bfc062723c751e8b465ee728b)
Start importing Assets/Scenes/Menu.unity using Guid(bd7cc03edc814e347a5ff13d8f8a4a87) Importer(815301076,1909f56bfc062723c751e8b465ee728b)  -> (artifact id: '938745edd7f5db0ebc243280a4a8e12f') in 0.004707 seconds
  Import took 0.010260 seconds .

========================================================================
Received Import Request.
  Time since last request: 63.111689 seconds.
  path: Assets/Textures/gamelogo.jpg
  artifactKey: Guid(dbeeffc06b440d642a656411c04588ef) Importer(815301076,1909f56bfc062723c751e8b465ee728b)
Start importing Assets/Textures/gamelogo.jpg using Guid(dbeeffc06b440d642a656411c04588ef) Importer(815301076,1909f56bfc062723c751e8b465ee728b)  -> (artifact id: '792031d7033d6bd227025ba6889b54cd') in 0.021809 seconds
  Import took 0.029438 seconds .

========================================================================
Received Import Request.
  Time since last request: 8.987899 seconds.
  path: Assets/Simple Vehicle Pack/Textures/Mobile/cars_diffuse.tif
  artifactKey: Guid(c3068f29ef379c644ae6b65955275e9e) Importer(815301076,1909f56bfc062723c751e8b465ee728b)
Start importing Assets/Simple Vehicle Pack/Textures/Mobile/cars_diffuse.tif using Guid(c3068f29ef379c644ae6b65955275e9e) Importer(815301076,1909f56bfc062723c751e8b465ee728b)  -> (artifact id: 'a6b648176fbe817b8b3417a3f7cd77fc') in 0.023487 seconds
  Import took 0.027586 seconds .

========================================================================
Received Import Request.
  Time since last request: 100.416107 seconds.
  path: Assets/Textures/backgroundintro.jpg
  artifactKey: Guid(8f1acbc6866c64642b2ead80eb4d2eb2) Importer(815301076,1909f56bfc062723c751e8b465ee728b)
Start importing Assets/Textures/backgroundintro.jpg using Guid(8f1acbc6866c64642b2ead80eb4d2eb2) Importer(815301076,1909f56bfc062723c751e8b465ee728b)  -> (artifact id: '3feb521630a9894209a73790f3b5bf54') in 0.042755 seconds
  Import took 0.048785 seconds .

========================================================================
Received Prepare
Refreshing native plugins compatible for Editor in 2.86 ms, found 1 plugins.
Preloading 0 native plugins for Editor in 0.00 ms.
Unloading 10 Unused Serialized files (Serialized files now loaded: 0)
System memory in use before: 52.7 MB.
System memory in use after: 52.7 MB.

Unloading 10 unused Assets to reduce memory usage. Loaded Objects now: 2271.
Total: 3.616900 ms (FindLiveObjects: 0.203800 ms CreateObjectMapping: 0.079700 ms MarkObjects: 3.210400 ms  DeleteObjects: 0.121200 ms)

AssetImportWorkerClient::OnTransportError - code=2 error=End of file
